0 info it worked if it ends with ok
1 verbose cli [ '/home/mrak/.local/bin/node',
1 verbose cli   '/home/mrak/.local/bin/npm',
1 verbose cli   'cache',
1 verbose cli   'clena' ]
2 info using npm@1.4.28
3 info using node@v0.10.33
4 error Error: Invalid cache action: clena
4 error     at EventEmitter.cache (/home/mrak/.local/lib/node_modules/npm/lib/cache.js:112:24)
4 error     at Object.commandCache.(anonymous function) (/home/mrak/.local/lib/node_modules/npm/lib/npm.js:221:11)
4 error     at EventEmitter.<anonymous> (/home/mrak/.local/lib/node_modules/npm/bin/npm-cli.js:84:28)
4 error     at process._tickCallback (node.js:419:13)
5 error If you need help, you may report this *entire* log,
5 error including the npm and node versions, at:
5 error     <http://github.com/npm/npm/issues>
6 error System Linux 3.19.2-1-ARCH
7 error command "/home/mrak/.local/bin/node" "/home/mrak/.local/bin/npm" "cache" "clena"
8 error cwd /home/mrak/Developer/Projects/ericmrak.info
9 error node -v v0.10.33
10 error npm -v 1.4.28
11 verbose exit [ 1, true ]
